3
1
7
11
1672
1
13
29
31
41
43
47
53
59
61
67
71
73
79
89
97
103
107
109
113
127
131
137
139
149
151
157
163
167
169
173
179
181
191
193
197
199
211
223
227
229
233
239
241
251
257
269
271
277
281
283
293
307
311
313
317
331
337
347
349
353
359
367
373
377
379
383
389
397
401
403
409
419
421
431
433
439
443
449
457
461
463
467
479
487
491
503
509
521
523
533
541
547
557
559
563
569
571
577
587
593
599
601
607
611
613
617
619
631
641
643
647
653
659
661
673
677
683
689
691
701
709
719
727
733
739
743
751
757
761
767
769
773
793
797
809
811
821
823
827
829
839
841
853
857
859
863
871
877
881
883
887
899
907
911
919
923
929
937
941
947
949
953
961
967
971
977
983
991
1009
1013
1019
1021
1027
1031
1033
1039
1049
1051
1061
1063
1069
1087
1091
1093
1097
1103
1109
1117
1123
1129
1151
1153
1157
1163
1171
1181
1187
1189
1193
1201
1213
1217
1223
1229
1231
1237
1247
1259
1261
1271
1277
1279
1283
1289
1291
1297
1301
1303
1307
1319
1321
1327
1333
1339
1361
1363
1367
1373
1381
1391
1399
1409
1417
1423
1427
1429
1433
1439
1447
1451
1453
1457
1459
1469
1471
1481
1483
1487
1489
1493
1499
1511
1523
1531
1537
1543
1549
1553
1559
1567
1571
1579
1583
1597
1601
1607
1609
1613
1619
1621
1627
1637
1643
1651
1657
1663
1667
1669
1681
1693
1697
1699
1703
1709
1711
1721
1723
1733
1741
1747
1753
1759
1763
1769
1777
1781
1783
1787
1789
1801
1807
1811
1823
1829
1831
1847
1849
1861
1867
1871
1873
1877
1879
1889
1891
1901
1907
1913
1927
1931
1933
1937
1943
1949
1951
1963
1973
1979
1987
1997
1999
2003
2011
2017
2021
2027
2029
2039
2041
2053
2059
2063
2069
2077
2081
2083
2087
2089
2099
2111
2113
2117
2119
2129
2131
2137
2141
2143
2153
2161
2171
2173
2179
2197
2201
2203
2207
2209
2213
2221
2237
2239
2243
2249
2251
2263
2267
2269
2273
2279
2281
2287
2291
2293
2297
2309
2311
2327
2333
2339
2341
2347
2351
2353
2357
2371
2377
2381
2383
2389
2393
2399
2411
2417
2419
2423
2437
2441
2447
2449
2459
2467
2473
2477
2483
2491
2501
2503
2509
2521
2531
2537
2539
2543
2549
2551
2557
2561
2579
2581
2587
2591
2593
2609
2617
2621
2623
2633
2647
2657
2659
2663
2671
2677
2683
2687
2689
2693
2699
2707
2711
2713
2719
2729
2731
2741
2743
2747
2749
2753
2759
2767
2773
2777
2789
2791
2797
2801
2803
2809
2813
2819
2833
2837
2843
2851
2857
2861
2867
2879
2881
2887
2897
2899
2903
2909
2911
2917
2927
2939
2951
2953
2957
2963
2969
2971
2977
2987
2993
2999
3001
3007
3011
3019
3023
3029
3037
3041
3049
3053
3061
3067
3079
3083
3089
3103
3107
3109
3119
3121
3127
3133
3137
3139
3149
3161
3163
3167
3169
3181
3187
3191
3193
3203
3209
3217
3221
3229
3233
3239
3251
3253
3257
3259
3263
3271
3277
3299
3301
3307
3313
3317
3319
3323
3329
3331
3337
3341
3343
3347
3359
3361
3371
3373
3379
3389
3391
3397
3407
3413
3431
3433
3449
3457
3461
3463
3467
3469
3481
3491
3497
3499
3503
3511
3517
3523
3527
3529
3533
3539
3541
3547
3551
3557
3559
3571
3581
3583
3593
3599
3601
3607
3613
3617
3623
3631
3637
3643
3649
3653
3659
3671
3673
3677
3679
3683
3691
3697
3701
3709
3713
3719
3721
3727
3733
3739
3761
3763
3767
3769
3779
3793
3797
3799
3803
3809
3821
3823
3827
3833
3847
3851
3853
3863
3869
3877
3881
3889
3907
3911
3917
3919
3923
3929
3931
3937
3943
3947
3953
3967
3973
3977
3989
3991
4001
4003
4007
4013
4019
4021
4027
4031
4043
4049
4051
4057
4061
4069
4073
4079
4087
4091
4093
4099
4111
4121
4127
4129
4133
4139
4153
4157
4159
4171
4177
4183
4187
4189
4201
4211
4217
4219
4223
4229
4231
4241
4243
4247
4253
4259
4261
4271
4273
4283
4289
4297
4303
4307
4309
4321
4327
4331
4337
4339
4349
4357
4363
4373
4379
4381
4387
4391
4397
4409
4421
4423
4429
4441
4447
4451
4453
4457
4463
4469
4481
4483
4489
4493
4507
4511
4513
4517
4519
4523
4537
4547
4549
4553
4559
4561
4567
4583
4589
4591
4597
4601
4603
4619
4621
4633
4637
4639
4643
4649
4651
4657
4661
4663
4667
4673
4679
4681
4687
4691
4703
4717
4721
4723
4727
4729
4733
4751
4757
4759
4771
4783
4787
4789
4793
4799
4801
4813
4817
4819
4831
4841
4843
4849
4859
4861
4867
4871
4877
4889
4891
4901
4903
4909
4919
4927
4931
4933
4937
4943
4951
4957
4967
4969
4973
4979
4987
4993
5003
5009
5011
5017
5021
5023
5029
5039
5041
5051
5053
5057
5059
5077
5081
5087
5099
5101
5107
5113
5119
5123
5141
5147
5153
5161
5167
5171
5177
5179
5183
5189
5191
5197
5207
5209
5213
5227
5231
5233
5237
5239
5249
5251
5261
5273
5279
5281
5293
5297
5303
5309
5311
5317
5323
5329
5333
5347
5351
5363
5371
5381
5387
5393
5399
5407
5413
5417
5419
5429
5431
5437
5441
5443
5447
5449
5459
5461
5471
5473
5477
5479
5483
5501
5503
5507
5519
5521
5527
5531
5539
5549
5557
5563
5569
5573
5581
5591
5597
5603
5609
5611
5617
5623
5629
5633
5639
5641
5647
5651
5653
5657
5659
5669
5671
5683
5689
5693
5699
5701
5707
5711
5713
5717
5723
5737
5741
5743
5749
5759
5767
5771
5777
5779
5783
5791
5801
5807
5813
5821
5827
5837
5839
5843
5849
5851
5857
5861
5867
5869
5879
5881
5891
5897
5903
5917
5921
5923
5927
5939
5941
5953
5963
5969
5977
5981
5983
5987
5989
5993
6007
6011
6019
6029
6037
6043
6047
6053
6067
6071
6073
6077
6079
6089
6091
6101
6107
6109
6113
6119
6121
6131
6133
6143
6151
6157
6163
6169
6173
6191
6197
6199
6203
6211
6217
6221
6227
6229
6241
6247
6257
6263
6269
6271
6277
6283
6287
6299
6301
6311
6313
6317
6319
6323
6329
6331
6337
6343
6353
6359
6361
6367
6373
6379
6383
6389
6397
6407
6421
6427
6431
6437
6439
6449
6451
6467
6469
6473
6481
6491
6493
6497
6499
6521
6527
6529
6533
6539
6541
6547
6551
6553
6563
6569
6571
6577
6581
6583
6599
6607
6617
6619
6637
6641
6649
6653
6659
6661
6667
6673
6679
6683
6689
6691
6701
6703
6709
6719
6731
6733
6737
6751
6757
6761
6763
6773
6779
6781
6791
6793
6799
6803
6823
6827
6829
6833
6841
6847
6857
6863
6869
6871
6883
6887
6893
6899
6901
6907
6911
6913
6917
6929
6931
6943
6947
6949
6959
6961
6967
6971
6977
6983
6989
6991
6997
7001
7003
7009
7013
7019
7027
7031
7033
7037
7039
7043
7057
7069
7079
7081
7093
7097
7099
7103
7109
7111
7121
7127
7129
7151
7159
7169
7177
7181
7187
7193
7207
7211
7213
7219
7223
7229
7237
7241
7243
7247
7253
7261
7267
7279
7283
7297
7303
7307
7309
7313
7319
7321
7331
7333
7339
7349
7351
7367
7369
7379
7393
7397
7409
7411
7417
7421
7423
7433
7439
7451
7453
7457
7459
7471
7477
7481
7487
7489
7493
7499
7501
7507
7517
7519
7523
7529
7537
7541
7547
7549
7559
7561
7571
7573
7577
7583
7589
7591
7597
7603
7607
7621
7631
7639
7643
7649
7661
7663
7669
7673
7681
7687
7691
7697
7699
7703
7709
7717
7723
7727
7729
7739
7741
7747
7753
7757
7759
7781
7783
7787
7789
7793
7801
7811
7813
7817
7823
7829
7831
7841
7849
7853
7859
7867
7873
7877
7879
7883
7891
7897
7901
7907
7913
7919
7921
7927
7933
7937
7943
7949
7951
7957
7963
7967
7969
7991
7993
8003
8009
8011
8017
8021
8023
8033
8039
8047
8053
8059
8069
8077
8081
8083
8087
8089
8093
8101
8111
8117
8123
8131
8137
8147
8149
8159
8161
8167
8171
8179
8191
8201
8203
8207
8209
8213
8219
8221
8231
8233
8237
8243
8249
8263
8269
8273
8287
8291
8293
8297
8299
8311
8317
8321
8329
8333
8339
8353
8357
8359
8363
8369
8377
8387
8389
8401
8411
8413
8419
8423
8429
8431
8443
8447
8453
8461
8467
8471
8479
8489
8497
8501
8507
8509
8513
8521
8527
8537
8539
8543
8557
8563
8567
8573
8581
8587
8593
8597
8599
8609
8611
8623
8627
8629
8633
8639
8641
8647
8651
8663
8669
8677
8681
8689
8693
8699
8707
8711
8713
8719
8731
8737
8741
8747
8749
8753
8761
8773
8777
8779
8783
8791
8801
8803
8807
8819
8821
8831
8837
8839
8849
8851
8861
8863
8867
8879
8887
8893
8903
8909
8923
8927
8929
8933
8941
8951
8957
8963
8969
8971
8977
8983
8999
9001
9007
9011
9013
9017
9019
9029
9041
9043
9049
9059
9067
9071
9073
9077
9083
9089
9091
9103
9109
9113
9127
9133
9137
9143
9151
9157
9161
9167
9169
9173
9179
9181
9187
9193
9199
9203
9209
9211
9217
9221
9227
9239
9241
9257
9259
9263
9271
9277
9281
9283
9293
9301
9307
9311
9313
9319
9323
9337
9341
9343
9347
9349
9353
9371
9377
9389
9391
9397
9403
9409
9413
9419
9421
9431
9433
9437
9439
9451
9461
9463
9467
9473
9479
9487
9491
9497
9511
9517
9521
9523
9529
9533
9539
9547
9551
9553
9563
9577
9587
9589
9593
9599
9601
9607
9613
9617
9619
9623
9629
9631
9641
9643
9649
9659
9661
9677
9679
9689
9697
9701
9703
9719
9721
9727
9733
9739
9743
9749
9761
9763
9767
9769
9773
9781
9787
9791
9799
9803
9811
9817
9827
9829
9833
9839
9841
9847
9851
9853
9857
9859
9869
9871
9881
9883
9887
9893
9901
9907
9917
9923
9929
9931
9941
9943
9949
9967
9971
9973
9983
9991
9997
